Learn-Android/Data Base Project/app/build/intermediates/manifest_merge_blame_file/debug/manifest-merger-blame-debug-report.txt
1<?xml version="1.0" encoding="utf-8"?>
2<manifest xmlns:android="http://schemas.android.com/apk/res/android"
3    package="com.kumar.akshay.tasktimer"
4    android:versionCode="1"
5    android:versionName="1.0" >
6
7    <uses-sdk
8        android:minSdkVersion="16"
8-->src\main\AndroidManifest.xml
9        android:targetSdkVersion="29" />
9-->src\main\AndroidManifest.xml
10
11    <application
11-->src\main\AndroidManifest.xml:5:5-35:19
12        android:allowBackup="true"
12-->src\main\AndroidManifest.xml:6:9-35
13        android:appComponentFactory="androidx.core.app.CoreComponentFactory"
13-->[androidx.core:core:1.1.0] AndroidManifest.xml:24:18-86
14        android:debuggable="true"
15        android:icon="@mipmap/ic_launcher"
15-->src\main\AndroidManifest.xml:7:9-43
16        android:label="@string/app_name"
16-->src\main\AndroidManifest.xml:8:9-41
17        android:roundIcon="@mipmap/ic_launcher_round"
17-->src\main\AndroidManifest.xml:9:9-54
18        android:supportsRtl="true"
18-->src\main\AndroidManifest.xml:10:9-35
19        android:testOnly="true"
20        android:theme="@style/AppTheme" >
20-->src\main\AndroidManifest.xml:11:9-40
21        <activity
21-->src\main\AndroidManifest.xml:12:9-16:59
22            android:name="com.kumar.akshay.tasktimer.AddTaskDetailsActivity"
22-->src\main\AndroidManifest.xml:13:13-51
23            android:label="@string/title_activity_add_task_details"
23-->src\main\AndroidManifest.xml:14:13-68
24            android:parentActivityName="com.kumar.akshay.tasktimer.MainActivity"
24-->src\main\AndroidManifest.xml:15:13-55
25            android:theme="@style/AppTheme.NoActionBar" />
25-->src\main\AndroidManifest.xml:16:13-56
26
27        <meta-data
27-->src\main\AndroidManifest.xml:17:9-19:71
28            android:name="android.support.PARENT_ACTIVITY"
28-->src\main\AndroidManifest.xml:18:13-59
29            android:value="com.kumar.akshay.tasktimer.MainActivity" />
29-->src\main\AndroidManifest.xml:19:13-68
30
31        <activity
31-->src\main\AndroidManifest.xml:20:9-29:20
32            android:name="com.kumar.akshay.tasktimer.MainActivity"
32-->src\main\AndroidManifest.xml:21:13-41
33            android:label="@string/app_name"
33-->src\main\AndroidManifest.xml:22:13-45
34            android:theme="@style/AppTheme.NoActionBar" >
34-->src\main\AndroidManifest.xml:23:13-56
35            <intent-filter>
35-->src\main\AndroidManifest.xml:24:13-28:29
36                <action android:name="android.intent.action.MAIN" />
36-->src\main\AndroidManifest.xml:25:17-69
36-->src\main\AndroidManifest.xml:25:25-66
37
38                <category android:name="android.intent.category.LAUNCHER" />
38-->src\main\AndroidManifest.xml:27:17-77
38-->src\main\AndroidManifest.xml:27:27-74
39            </intent-filter>
40        </activity>
41
42        <provider
42-->src\main\AndroidManifest.xml:31:9-34:40
43            android:name="com.kumar.akshay.tasktimer.AppProvider"
43-->src\main\AndroidManifest.xml:32:13-40
44            android:authorities="com.kumar.akshay.tasktimer.provider"
44-->src\main\AndroidManifest.xml:33:13-70
45            android:exported="false" />
45-->src\main\AndroidManifest.xml:34:13-37
46    </application>
47
48</manifest>